IQ-TREE multicore version 2.1.1 COVID-edition for Linux 64-bit built Aug 22 2020
Developed by Bui Quang Minh, James Barbetti, Nguyen Lam Tung,
Olga Chernomor, Heiko Schmidt, Dominik Schrempf, Michael Woodhams.

Host:    holy7c04305.rc.fas.harvard.edu (AVX512, FMA3, 188 GB RAM)
Command: iqtree2 -s /n/holyscratch01/extavour_lab/shchurch/Hawaiian_time-calibrated_March2021/all_new_full.nex --prefix all_new_full -alrt 1000 -B 1000 -T AUTO -g /n/holyscratch01/extavour_lab/shchurch/Hawaiian_time-calibrated_March2021/iqtree_89_constraint.tre
Seed:    104527 (Using SPRNG - Scalable Parallel Random Number Generator)
Time:    Tue Mar  9 17:51:33 2021
Kernel:  AVX+FMA - auto-detect threads (24 CPU cores detected)

Reading alignment file /n/holyscratch01/extavour_lab/shchurch/Hawaiian_time-calibrated_March2021/all_new_full.nex ... Nexus format detected
Alignment has 316 sequences with 30362 columns, 10109 distinct patterns
5194 parsimony-informative, 3214 singleton sites, 21954 constant sites
                                      Gap/Ambiguity  Composition  p-value
   1  Drosophila_adunca                      54.96%    failed      0.03%
   2  Drosophila_ancyla                      67.87%    failed      0.30%
   3  Drosophila_antecedens                  91.42%    failed      0.00%
   4  Drosophila_apicipuncta                 93.22%    failed      0.00%
   5  Drosophila_apodasta                    71.46%    failed      0.00%
   6  Drosophila_aquila                      91.63%    failed      0.00%
   7  Drosophila_atroscutellata              49.18%    failed      0.02%
   8  Drosophila_barbata                     94.31%    failed      0.00%
   9  Drosophila_basimacula                  68.32%    failed      0.00%
  10  Drosophila_basisetosa                  79.80%    failed      0.00%
  11  Drosophila_bostrycha                   72.77%    failed      0.00%
  12  Drosophila_brunneifrons                65.69%    passed     10.80%
  13  Drosophila_capitata                    79.37%    failed      0.00%
  14  Drosophila_chaetocephala               86.45%    failed      0.00%
  15  Drosophila_clavitibia                  80.77%    failed      0.00%
  16  Drosophila_cnecopleura                 69.68%    failed      0.00%
  17  Drosophila_comatifemora                89.57%    failed      0.00%
  18  Drosophila_conformis                   61.20%    failed      0.00%
  19  Drosophila_contorta                    70.90%    failed      0.00%
  20  Drosophila_cracens                     81.26%    failed      0.00%
  21  Drosophila_cyrtoloma                   66.58%    failed      4.29%
  22  Drosophila_dasycnemia                  55.78%    failed      0.00%
  23  Drosophila_desallei                    91.41%    failed      0.00%
  24  Drosophila_diamphidiopoda              52.94%    failed      1.64%
  25  Drosophila_differens                   86.55%    passed     23.00%
  26  Drosophila_disjuncta                   78.25%    failed      0.00%
  27  Drosophila_dissita                     91.57%    failed      0.00%
  28  Drosophila_dolomata                    93.18%    failed      0.00%
  29  Drosophila_eurypeza                    91.51%    failed      0.00%
  30  Drosophila_expansa                     55.94%    failed      0.01%
  31  Drosophila_fastigata                   66.20%    failed      0.00%
  32  Drosophila_flavibasis                  91.51%    failed      0.00%
  33  Drosophila_forficata                   82.99%    failed      0.00%
  34  Drosophila_fundita                     86.14%    failed      0.00%
  35  Drosophila_furcatarsus                 79.12%    failed      0.00%
  36  Drosophila_furvifacies                 94.14%    failed      0.00%
  37  Drosophila_glabriapex                  77.77%    failed      0.00%
  38  Drosophila_hamifera                    80.42%    passed     37.40%
  39  Drosophila_hanaulae                    79.72%    failed      0.71%
  40  Drosophila_hemipeza                    86.49%    failed      2.95%
  41  Drosophila_heteroneura                 76.63%    failed      0.00%
  42  Drosophila_hirtitibia                  78.79%    failed      0.46%
  43  Drosophila_hystricosa                  88.55%    failed      0.00%
  44  Drosophila_iki                         69.72%    failed      0.00%
  45  Drosophila_imparisetae                 66.96%    failed      0.05%
  46  Drosophila_inciliata                   95.77%    failed      0.00%
  47  Drosophila_incognita                   61.27%    failed      0.00%
  48  Drosophila_infuscata                   91.48%    failed      0.00%
  49  Drosophila_ingens                      80.40%    failed      0.12%
  50  Drosophila_involuta                    91.45%    failed      0.00%
  51  Drosophila_ischnotrix                  94.23%    failed      0.00%
  52  Drosophila_kambysellisi                91.64%    failed      0.00%
  53  Drosophila_kikalaeleele                67.17%    failed      0.00%
  54  Drosophila_kokeensis                   78.60%    failed      0.00%
  55  Drosophila_kraussi                     82.83%    failed      0.00%
  56  Drosophila_kualapa                     91.42%    failed      0.00%
  57  Drosophila_latigena                    81.94%    failed      0.00%
  58  Drosophila_lineosetae                  76.12%    failed      0.56%
  59  Drosophila_longiperda                  84.73%    failed      0.01%
  60  Drosophila_longiseta                   95.72%    failed      0.00%
  61  Drosophila_malele                      91.43%    failed      0.00%
  62  Drosophila_medialis                    64.28%    failed      0.00%
  63  Drosophila_melanocephala               74.23%    failed      2.45%
  64  Drosophila_melanoloma                  67.10%    failed      4.55%
  65  Drosophila_micromyia                   78.39%    failed      0.50%
  66  Drosophila_mimica                      78.30%    failed      0.00%
  67  Drosophila_mitchelli                   91.55%    failed      0.00%
  68  Drosophila_multiciliata                86.15%    failed      0.00%
  69  Drosophila_nanella                     78.29%    failed      0.37%
  70  Drosophila_neoperkinsi                 79.89%    failed      0.26%
  71  Drosophila_neopicta                    80.29%    failed      0.20%
  72  Drosophila_neutralis                   48.66%    failed      0.01%
  73  Drosophila_nigra                       74.31%    failed      0.00%
  74  Drosophila_nigribasis                  76.53%    failed      0.00%
  75  Drosophila_nigritarsus                 78.88%    failed      0.00%
  76  Drosophila_nigrocirrus                 80.23%    failed      0.06%
  77  Drosophila_nr_ancyla_RL_2010           91.75%    failed      0.00%
  78  Drosophila_nr_basimacula_1_RL_2010     91.55%    failed      0.00%
  79  Drosophila_nr_basimacula_2_RL_2010     91.43%    failed      0.00%
  80  Drosophila_nr_basimacula_3_RL_2010     91.51%    failed      0.00%
  81  Drosophila_nr_brunneisetae_RL_2010     91.67%    failed      0.00%
  82  Drosophila_nr_dorsigera_RTL_2014       88.33%    failed      0.29%
  83  Drosophila_nr_fundita_RL_2010          91.41%    failed      0.00%
  84  Drosophila_nr_hirtitarsus_RL_2010      91.65%    failed      0.00%
  85  Drosophila_nr_humeralis_RL_2010        91.79%    failed      0.00%
  86  Drosophila_nr_melanopedis_RL_2010      91.50%    failed      0.00%
  87  Drosophila_nr_perissopoda_1_RL_2010    91.41%    failed      0.00%
  88  Drosophila_nr_perissopoda_2_RL_2010    91.58%    failed      0.00%
  89  Drosophila_nr_perissopoda_3_RL_2010    91.48%    failed      0.00%
  90  Drosophila_nr_residua_RL_2010          91.51%    failed      0.00%
  91  Drosophila_oahuensis                   76.61%    failed      0.00%
  92  Drosophila_obscuripes                  90.36%    failed      2.46%
  93  Drosophila_ochracea                    76.95%    failed      0.00%
  94  Drosophila_ochropleura                 65.62%    failed      1.60%
  95  Drosophila_orthoptera                  82.06%    failed      0.00%
  96  Drosophila_papaalai                    80.80%    failed      0.00%
  97  Drosophila_paracracens                 86.76%    failed      0.00%
  98  Drosophila_paucitarsus                 81.13%    failed      0.00%
  99  Drosophila_paucula                     84.62%    failed      0.00%
 100  Drosophila_pectinitarsus               79.57%    failed      0.00%
 101  Drosophila_percnosoma                  62.97%    failed      0.00%
 102  Drosophila_perissopoda                 80.64%    failed      0.00%
 103  Drosophila_petalopeza                  62.35%    failed      0.00%
 104  Drosophila_picticornis                 76.57%    failed      0.02%
 105  Drosophila_planitibia                  76.69%    failed      0.00%
 106  Drosophila_polita                      88.37%    failed      0.00%
 107  Drosophila_polliciforma                91.56%    failed      0.00%
 108  Drosophila_poonia                      93.21%    failed      0.00%
 109  Drosophila_preapicula                  91.55%    failed      0.00%
 110  Drosophila_primaeva                    74.14%    failed      0.34%
 111  Drosophila_proceriseta                 82.04%    failed      0.00%
 112  Drosophila_prodita                     70.12%    failed      0.00%
 113  Drosophila_prolaticilia                82.71%    passed     18.39%
 114  Drosophila_propiofacies                81.72%    failed      0.00%
 115  Drosophila_pychnochaetae               91.55%    failed      0.00%
 116  Drosophila_quasiexpansa                59.57%    failed      3.01%
 117  Drosophila_redunca                     69.21%    failed      0.00%
 118  Drosophila_reschae                     93.22%    failed      0.00%
 119  Drosophila_seclusa                     72.60%    failed      0.00%
 120  Drosophila_setosifrons                 84.36%    passed     26.92%
 121  Drosophila_silvestris                  71.49%    failed      0.00%
 122  Drosophila_sodomae                     83.24%    failed      3.68%
 123  Drosophila_soonae                      78.20%    failed      0.00%
 124  Drosophila_sordidapex                  46.52%    failed      0.00%
 125  Drosophila_sp_white_tip_scutellum      92.40%    failed      0.08%
 126  Drosophila_stigma                      84.00%    failed      0.00%
 127  Drosophila_substenoptera               77.05%    failed      0.00%
 128  Drosophila_systenopeza                 78.89%    failed      0.00%
 129  Drosophila_tanythrix                   75.39%    failed      0.35%
 130  Drosophila_tetraspilota                94.21%    failed      0.00%
 131  Drosophila_torula                      75.87%    failed      0.00%
 132  Drosophila_trichaetosa                 71.79%    failed      0.00%
 133  Drosophila_unicula                     86.93%    failed      0.00%
 134  Drosophila_villosipedis                83.24%    failed      2.19%
 135  Drosophila_waddingtoni                 61.00%    failed      0.00%
 136  Drosophila_williamsi                   85.03%    failed      0.00%
 137  Drosophila_xenophaga                   91.49%    failed      0.00%
 138  Drosophila_yooni                       84.44%    failed      0.00%
 139  Scaptomyza_abrupta                     90.08%    failed      0.00%
 140  Scaptomyza_albovittata                 80.33%    failed      0.00%
 141  Scaptomyza_ampliloba                   84.15%    failed      0.00%
 142  Scaptomyza_anomala                     82.50%    passed     77.53%
 143  Scaptomyza_apicata                     82.60%    failed      0.01%
 144  Scaptomyza_apiciguttula                90.31%    failed      0.00%
 145  Scaptomyza_baechlii                    81.06%    failed      0.00%
 146  Scaptomyza_boninensis                  78.57%    failed      0.00%
 147  Scaptomyza_bryani                      88.88%    failed      0.00%
 148  Scaptomyza_buccata                     92.68%    failed      0.00%
 149  Scaptomyza_caliginosa                  72.62%    passed      8.69%
 150  Scaptomyza_consimilis                  78.61%    failed      0.00%
 151  Scaptomyza_crassifemur                 63.83%    failed      0.00%
 152  Scaptomyza_cuspidata                   89.47%    failed      0.00%
 153  Scaptomyza_cyrtandrae                  71.71%    passed     34.52%
 154  Scaptomyza_dentata                     92.02%    failed      0.00%
 155  Scaptomyza_elmoi                       79.84%    failed      0.00%
 156  Scaptomyza_exigua                      86.88%    failed      0.00%
 157  Scaptomyza_flava                       82.33%    failed      0.00%
 158  Scaptomyza_frustulifera                90.68%    failed      0.00%
 159  Scaptomyza_graminum                    78.42%    failed      0.00%
 160  Scaptomyza_hennigi                     81.68%    failed      0.00%
 161  Scaptomyza_hexasticha                  79.78%    failed      0.00%
 162  Scaptomyza_himalayana                  78.61%    failed      0.00%
 163  Scaptomyza_hsui                        85.37%    failed      0.46%
 164  Scaptomyza_lobifera                    94.45%    failed      0.00%
 165  Scaptomyza_magnipalpa                  84.47%    failed      0.00%
 166  Scaptomyza_nasalis                     78.57%    failed      2.59%
 167  Scaptomyza_nigrita                     82.82%    failed      0.00%
 168  Scaptomyza_nr_inflatus_RL_2013         89.17%    failed      0.00%
 169  Scaptomyza_nr_longipecten_RL_2013      86.52%    failed      0.00%
 170  Scaptomyza_nr_mitchelli_RL_2013        87.63%    failed      0.00%
 171  Scaptomyza_okadai                      78.26%    failed      0.00%
 172  Scaptomyza_pallida                     76.81%    failed      0.00%
 173  Scaptomyza_palmae                      85.90%    failed      0.00%
 174  Scaptomyza_polygonia                   81.05%    failed      0.00%
 175  Scaptomyza_protensa                    92.07%    failed      0.00%
 176  Scaptomyza_pusilla                     92.05%    failed      0.00%
 177  Scaptomyza_recta                       84.42%    failed      0.00%
 178  Scaptomyza_reducta                     75.65%    passed     43.70%
 179  Scaptomyza_sp_akalae                   88.40%    failed      0.00%
 180  Scaptomyza_sp_neocyrtandrae            88.05%    failed      0.00%
 181  Scaptomyza_tumidula                    90.33%    failed      0.00%
 182  Scaptomyza_umbrosa                     90.27%    failed      0.00%
 183  Scaptomyza_undulata                    69.10%    failed      2.81%
 184  Scaptomyza_vagabunda                   87.10%    failed      0.00%
 185  Scaptomyza_varifrons                   91.35%    failed      0.00%
 186  Scaptomyza_varipicta                   82.34%    failed      0.00%
 187  Drosophila_adiastola                   80.47%    failed      0.00%
 188  Drosophila_aethostoma                  94.60%    failed      0.00%
 189  Drosophila_ambochila                   81.56%    passed     32.35%
 190  Drosophila_anomalipes                  80.06%    passed     44.94%
 191  Drosophila_attenuata                   87.62%    failed      0.00%
 192  Drosophila_bipolita                    90.47%    passed     75.69%
 193  Drosophila_biseriata                   93.23%    failed      0.00%
 194  Drosophila_brevitarsus                 81.54%    failed      0.00%
 195  Drosophila_canipolita                  89.39%    passed     34.74%
 196  Drosophila_crucigera                   75.57%    failed      0.00%
 197  Drosophila_dolichotarsis               88.81%    failed      0.17%
 198  Drosophila_fulgida                     90.60%    failed      1.05%
 199  Drosophila_fungiperda                  87.98%    passed      7.76%
 200  Drosophila_fuscoamoeba                 97.57%    failed      0.00%
 201  Drosophila_haleakalae                  88.49%    failed      0.00%
 202  Drosophila_insignita                   73.93%    failed      0.00%
 203  Drosophila_kauluai                     93.18%    failed      0.00%
 204  Drosophila_melanosoma                  91.93%    passed     24.61%
 205  Drosophila_nigella                     83.33%    failed      0.00%
 206  Drosophila_nr_dorsigera_RL_2010        95.82%    failed      0.00%
 207  Drosophila_paraanthrax                 86.28%    failed      3.42%
 208  Drosophila_pullipes                    78.16%    failed      0.06%
 209  Drosophila_scitula                     92.22%    passed     38.36%
 210  Drosophila_sp_spKNMa                   97.60%    failed      0.00%
 211  Drosophila_toxacantha                  95.96%    failed      0.00%
 212  Scaptomyza_chauliodon                  85.25%    failed      0.11%
 213  Scaptomyza_connata                     91.02%    failed      0.00%
 214  Scaptomyza_ctenophora                  91.74%    failed      0.00%
 215  Scaptomyza_decepta                     85.62%    failed      0.00%
 216  Scaptomyza_devexa                      91.11%    failed      0.05%
 217  Scaptomyza_fastigata                   91.36%    failed      0.00%
 218  Scaptomyza_hackmani                    91.21%    failed      0.00%
 219  Scaptomyza_hamata                      97.74%    failed      0.00%
 220  Scaptomyza_intricata                   86.75%    failed      0.00%
 221  Scaptomyza_latitergum                  93.03%    failed      0.00%
 222  Scaptomyza_longisetosa                 85.93%    failed      0.00%
 223  Scaptomyza_nr_anomala_RL_2013          90.96%    failed      0.02%
 224  Scaptomyza_nr_cuspidata_RL_2013        91.05%    failed      0.01%
 225  Scaptomyza_nr_decepta_RL_2013          90.95%    failed      0.01%
 226  Scaptomyza_nr_longisetosa_RL_2013      91.10%    failed      0.00%
 227  Scaptomyza_palata                      97.74%    failed      0.00%
 228  Scaptomyza_pallifrons                  87.69%    failed      0.07%
 229  Scaptomyza_remota                      96.14%    failed      0.00%
 230  Scaptomyza_scoloplichas                85.09%    passed     89.47%
 231  Scaptomyza_setosiscutellum             89.47%    failed      0.00%
 232  Scaptomyza_silvicola                   93.27%    failed      0.00%
 233  Scaptomyza_trivittata                  88.67%    failed      0.00%
 234  Scaptomyza_recava                      95.94%    failed      0.00%
 235  Scaptomyza_varia                       97.48%    failed      0.00%
 236  Drosophila_adventitia                  86.83%    failed      0.00%
 237  Drosophila_affinidisjuncta             86.85%    failed      0.00%
 238  Drosophila_balioptera                  86.81%    failed      0.00%
 239  Drosophila_basisetae                   86.93%    failed      0.00%
 240  Drosophila_ciliaticrus                 87.07%    failed      0.00%
 241  Drosophila_cilifera                    88.33%    failed      0.00%
 242  Drosophila_clavisetae                  86.91%    failed      0.00%
 243  Drosophila_conspicua                   86.82%    failed      0.00%
 244  Drosophila_craddockae                  86.88%    failed      0.00%
 245  Drosophila_digressa                    86.86%    failed      0.00%
 246  Drosophila_discreta                    86.82%    failed      0.00%
 247  Drosophila_distinguenda                86.87%    failed      0.00%
 248  Drosophila_divaricata                  86.82%    failed      0.00%
 249  Drosophila_engyochracea                86.86%    failed      0.00%
 250  Drosophila_eximia                      86.84%    failed      0.00%
 251  Drosophila_fasciculisetae              86.84%    failed      0.00%
 252  Drosophila_flexipes                    86.83%    failed      0.00%
 253  Drosophila_formella                    86.82%    failed      0.00%
 254  Drosophila_gradata                     86.87%    failed      0.00%
 255  Drosophila_hawaiiensis                 86.87%    failed      0.00%
 256  Drosophila_hexachaetae                 86.91%    failed      0.00%
 257  Drosophila_hirtitarsus                 86.86%    failed      0.00%
 258  Drosophila_inedita                     90.12%    failed      0.00%
 259  Drosophila_kikiko                      86.87%    failed      0.00%
 260  Drosophila_kuhao                       86.80%    failed      0.00%
 261  Drosophila_lanaiensis                  86.72%    failed      0.00%
 262  Drosophila_larifuga                    86.83%    failed      0.00%
 263  Drosophila_lauoho                      86.86%    failed      0.00%
 264  Drosophila_limitata                    86.86%    failed      0.00%
 265  Drosophila_moli                        86.85%    failed      0.00%
 266  Drosophila_montgomeryi                 86.83%    failed      0.00%
 267  Drosophila_murphyi                     86.94%    failed      0.00%
 268  Drosophila_musaphilia                  86.83%    failed      0.00%
 269  Drosophila_nr_alsophila_KNM_2012       86.76%    failed      0.00%
 270  Drosophila_nr_basimacula_2_KNM_2012    95.00%    failed      0.00%
 271  Drosophila_nr_expansa_1_KNM_2012       86.83%    failed      0.00%
 272  Drosophila_nr_perissopoda_1_KNM_2012   95.02%    failed      0.00%
 273  Drosophila_nr_perissopoda_4_KNM_2012   86.86%    failed      0.00%
 274  Drosophila_obatai                      86.93%    failed      0.00%
 275  Drosophila_ochrobasis                  86.84%    failed      0.00%
 276  Drosophila_odontophallus               86.81%    failed      0.00%
 277  Drosophila_orphnopeza                  86.87%    failed      0.00%
 278  Drosophila_orthofascia                 86.96%    failed      0.00%
 279  Drosophila_paenehamifera               86.91%    failed      0.00%
 280  Drosophila_panoanoa                    87.06%    failed      0.00%
 281  Drosophila_papala                      86.83%    failed      0.00%
 282  Drosophila_paucipuncta                 86.88%    failed      0.00%
 283  Drosophila_pihulu                      86.84%    failed      0.00%
 284  Drosophila_pilimana                    86.81%    failed      0.00%
 285  Drosophila_pilipa                      86.93%    failed      0.00%
 286  Drosophila_pohaka                      86.83%    failed      0.00%
 287  Drosophila_prostopalpis                86.95%    failed      0.00%
 288  Drosophila_punalua                     87.35%    failed      0.00%
 289  Drosophila_quasianomalipes             86.92%    failed      0.00%
 290  Drosophila_recticilia                  86.89%    failed      0.00%
 291  Drosophila_sejuncta                    86.95%    failed      0.00%
 292  Drosophila_setosimentum                86.84%    failed      0.00%
 293  Drosophila_silvarentis                 86.83%    failed      0.00%
 294  Drosophila_sobrina                     87.17%    failed      0.00%
 295  Drosophila_sp_4_KNM_2012               86.83%    failed      0.00%
 296  Drosophila_sp_n_large_spots            86.95%    failed      0.00%
 297  Drosophila_sproati                     86.94%    failed      0.00%
 298  Drosophila_truncipenna                 86.93%    failed      0.00%
 299  Drosophila_turbata                     86.99%    failed      0.00%
 300  Drosophila_variabilis                  86.83%    failed      0.00%
 301  Drosophila_vesciseta                   86.84%    failed      0.00%
 302  Scaptomyza_amplilobus                  86.69%    failed      0.00%
 303  Scaptomyza_Elmomyza_sp_n_KNM_2012      87.24%    failed      0.00%
 304  Scaptomyza_inflatus                    89.80%    failed      0.00%
 305  Scaptomyza_nigrosignata                87.35%    failed      0.00%
 306  Scaptomyza_nr_lonchoptera_KNM_2012     88.23%    failed      0.00%
 307  Drosophila_claytonae                   92.75%    failed      0.00%
 308  Scaptomyza_neosilvicola                94.06%    passed     18.48%
 309  Drosophila_nr_basimacula_2_RTL_2014    83.11%    passed     99.79%
 310  Drosophila_nr_perissopoda_1_RTL_2014   83.81%    passed     71.71%
 311  Drosophila_nr_ancyla_RTL_2014          88.06%    failed      0.72%
 312  Drosophila_nr_basimacula_3_RTL_2014    88.64%    passed     51.98%
 313  Drosophila_nr_brunneisetae_RTL_2014    86.84%    passed     13.64%
 314  Drosophila_nr_fundita_RTL_2014         88.62%    failed      1.40%
 315  Drosophila_nr_melanopedis_RTL_2014     87.79%    failed      3.65%
 316  Drosophila_nr_perissopoda_5_RTL_2014   89.92%    passed      5.21%
WARNING: 313 sequences contain more than 50% gaps/ambiguity
****  TOTAL                                  84.02%  293 sequences failed composition chi2 test (p-value<5%; df=3)
Reading constraint tree /n/holyscratch01/extavour_lab/shchurch/Hawaiian_time-calibrated_March2021/iqtree_89_constraint.tre...
WARNING: Rooted constraint tree will be treated as unrooted tree
INFO: Constraint tree will be applied to ML tree and all bootstrap trees.

Creating fast initial parsimony tree by random order stepwise addition...
0.289 seconds, parsimony score: 31823 (based on 8408 sites)
Measuring multi-threading efficiency up to 24 CPU cores
Increase to 10 rounds for branch lengths
4 trees examined
Threads: 1 / Time: 28.949 sec / Speedup: 1.000 / Efficiency: 100% / LogL: -298866
Threads: 2 / Time: 19.585 sec / Speedup: 1.478 / Efficiency: 74% / LogL: -298866
Threads: 3 / Time: 14.559 sec / Speedup: 1.988 / Efficiency: 66% / LogL: -298866
Threads: 4 / Time: 12.622 sec / Speedup: 2.293 / Efficiency: 57% / LogL: -298866
Threads: 5 / Time: 10.519 sec / Speedup: 2.752 / Efficiency: 55% / LogL: -298866
Threads: 6 / Time: 9.434 sec / Speedup: 3.068 / Efficiency: 51% / LogL: -298866
Threads: 7 / Time: 7.786 sec / Speedup: 3.718 / Efficiency: 53% / LogL: -298866
Threads: 8 / Time: 7.074 sec / Speedup: 4.092 / Efficiency: 51% / LogL: -298866
Threads: 9 / Time: 6.661 sec / Speedup: 4.346 / Efficiency: 48% / LogL: -298866
BEST NUMBER OF THREADS: 8

Perform fast likelihood tree search using GTR+I+G model...
Estimate model parameters (epsilon = 5.000)
Perform nearest neighbor interchange...
Estimate model parameters (epsilon = 1.000)
1. Initial log-likelihood: -205289.238
2. Current log-likelihood: -205286.929
3. Current log-likelihood: -205285.926
Optimal log-likelihood: -205285.222
Rate parameters:  A-C: 1.47402  A-G: 4.91741  A-T: 2.49553  C-G: 1.40752  C-T: 7.53119  G-T: 1.00000
Base frequencies:  A: 0.276  C: 0.216  G: 0.217  T: 0.291
Proportion of invariable sites: 0.452
Gamma shape alpha: 0.731
Parameters optimization took 3 rounds (3.694 sec)
Time for fast ML tree search: 30.943 seconds

NOTE: ModelFinder requires 1075 MB RAM!
ModelFinder will test up to 286 DNA models (sample size: 30362) ...
 No. Model         -LnL         df  AIC          AICc         BIC
  1  GTR+F         225778.601   637 452831.203   452858.548   458131.646
  2  GTR+F+I       211856.757   638 424989.513   425016.945   430298.278
  3  GTR+F+G4      206504.194   638 414284.389   414311.821   419593.153
  4  GTR+F+I+G4    205284.050   639 411846.099   411873.618   417163.185
  5  GTR+F+R2      208024.645   639 417327.290   417354.809   422644.375
  6  GTR+F+R3      204740.528   641 410763.056   410790.749   416096.783
  7  GTR+F+R4      204091.463   643 409468.926   409496.794   414819.295
  8  GTR+F+R5      204090.522   645 409471.043   409499.087   414838.054
 20  SYM+R4        204756.487   640 410792.974   410820.580   416118.380
 33  TVM+F+R4      204286.238   642 409856.476   409884.257   415198.524
 46  TVMe+R4       204973.999   639 411225.998   411253.517   416543.084
 59  TIM3+F+R4     204527.379   641 410336.758   410364.451   415670.485
 72  TIM3e+R4      205507.345   638 412290.690   412318.122   417599.455
 85  TIM2+F+R4     204290.213   641 409862.426   409890.120   415196.153
 98  TIM2e+R4      205150.879   638 411577.758   411605.190   416886.522
111  TIM+F+R4      204276.745   641 409835.491   409863.184   415169.218
124  TIMe+R4       205286.442   638 411848.885   411876.317   417157.649
137  TPM3u+F+R4    204722.801   640 410725.601   410753.207   416051.008
150  TPM3+F+R4     204722.801   640 410725.601   410753.207   416051.008
163  TPM2u+F+R4    204487.295   640 410254.591   410282.197   415579.997
176  TPM2+F+R4     204487.295   640 410254.591   410282.197   415579.997
189  K3Pu+F+R4     204473.074   640 410226.148   410253.754   415551.554
202  K3P+R4        205506.994   637 412287.988   412315.334   417588.432
215  TN+F+R4       204568.419   640 410416.837   410444.443   415742.243
228  TNe+R4        205709.712   637 412693.424   412720.769   417993.867
241  HKY+F+R4      204765.336   639 410808.672   410836.191   416125.757
254  K2P+R4        205930.984   636 413133.968   413161.227   418426.091
267  F81+F+R4      210648.849   638 422573.698   422601.131   427882.463
280  JC+R4         211416.050   635 424102.101   424129.273   429385.902
Akaike Information Criterion:           GTR+F+R4
Corrected Akaike Information Criterion: GTR+F+R4
Bayesian Information Criterion:         GTR+F+R4
Best-fit model: GTR+F+R4 chosen according to BIC

All model information printed to all_new_full.model.gz
CPU time for ModelFinder: 7542.438 seconds (2h:5m:42s)
Wall-clock time for ModelFinder: 1018.737 seconds (0h:16m:58s)
Generating 1000 samples for ultrafast bootstrap (seed: 104527)...

NOTE: 453 MB RAM (0 GB) is required!
Estimate model parameters (epsilon = 0.100)
1. Initial log-likelihood: -204091.463
2. Current log-likelihood: -204091.358
Optimal log-likelihood: -204091.237
Rate parameters:  A-C: 1.46139  A-G: 5.00897  A-T: 2.38982  C-G: 1.44464  C-T: 7.38788  G-T: 1.00000
Base frequencies:  A: 0.276  C: 0.216  G: 0.217  T: 0.291
Site proportion and rates:  (0.593,0.061) (0.300,1.258) (0.088,4.043) (0.019,11.899)
Parameters optimization took 2 rounds (2.224 sec)
--------------------------------------------------------------------
|             INITIALIZING CANDIDATE TREE SET                      |
--------------------------------------------------------------------
Generating 99 parsimony trees... 3.394 second
Computing log-likelihood of 99 initial trees ... 16.037 seconds
Current best score: -204091.237

Do NNI search on 20 best initial trees
Estimate model parameters (epsilon = 0.100)
BETTER TREE FOUND at iteration 1: -204062.095
Estimate model parameters (epsilon = 0.100)
BETTER TREE FOUND at iteration 2: -203973.965
Estimate model parameters (epsilon = 0.100)
BETTER TREE FOUND at iteration 6: -203951.263
Iteration 10 / LogL: -204000.029 / Time: 0h:1m:29s
Iteration 20 / LogL: -204064.061 / Time: 0h:2m:34s
Finish initializing candidate tree set (20)
Current best tree score: -203951.263 / CPU time: 151.477
Number of iterations: 20
--------------------------------------------------------------------
|               OPTIMIZING CANDIDATE TREE SET                      |
--------------------------------------------------------------------
Estimate model parameters (epsilon = 0.100)
BETTER TREE FOUND at iteration 23: -203935.146
Estimate model parameters (epsilon = 0.100)
BETTER TREE FOUND at iteration 24: -203847.381
Iteration 30 / LogL: -203920.900 / Time: 0h:3m:20s (0h:10m:51s left)
Estimate model parameters (epsilon = 0.100)
BETTER TREE FOUND at iteration 32: -203842.762
Estimate model parameters (epsilon = 0.100)
BETTER TREE FOUND at iteration 39: -203841.973
Iteration 40 / LogL: -203867.256 / Time: 0h:3m:59s (0h:10m:7s left)
Estimate model parameters (epsilon = 0.100)
BETTER TREE FOUND at iteration 41: -203841.330
Estimate model parameters (epsilon = 0.100)
BETTER TREE FOUND at iteration 44: -203834.150
Estimate model parameters (epsilon = 0.100)
BETTER TREE FOUND at iteration 49: -203816.256
Iteration 50 / LogL: -203935.057 / Time: 0h:4m:45s (0h:9m:36s left)
Log-likelihood cutoff on original alignment: -203980.787
Iteration 60 / LogL: -203833.360 / Time: 0h:5m:19s (0h:8m:2s left)
Iteration 70 / LogL: -203863.192 / Time: 0h:5m:54s (0h:6m:45s left)
Estimate model parameters (epsilon = 0.100)
BETTER TREE FOUND at iteration 75: -203814.971
Iteration 80 / LogL: -203859.901 / Time: 0h:6m:30s (0h:7m:50s left)
Iteration 90 / LogL: -203849.392 / Time: 0h:7m:6s (0h:6m:47s left)
Iteration 100 / LogL: -203883.649 / Time: 0h:7m:42s (0h:5m:50s left)
Log-likelihood cutoff on original alignment: -203980.787
NOTE: Bootstrap correlation coefficient of split occurrence frequencies: 0.981
NOTE: UFBoot does not converge, continue at least 100 more iterations
Estimate model parameters (epsilon = 0.100)
BETTER TREE FOUND at iteration 106: -203811.357
Iteration 110 / LogL: -203919.965 / Time: 0h:8m:16s (0h:7m:17s left)
Estimate model parameters (epsilon = 0.100)
BETTER TREE FOUND at iteration 116: -203808.829
Iteration 120 / LogL: -203813.010 / Time: 0h:8m:52s (0h:7m:9s left)
Iteration 130 / LogL: -203854.405 / Time: 0h:9m:26s (0h:6m:17s left)
Estimate model parameters (epsilon = 0.100)
BETTER TREE FOUND at iteration 132: -203807.317
Estimate model parameters (epsilon = 0.100)
BETTER TREE FOUND at iteration 135: -203806.689
Iteration 140 / LogL: -203826.590 / Time: 0h:10m:6s (0h:6m:54s left)
Estimate model parameters (epsilon = 0.100)
BETTER TREE FOUND at iteration 142: -203801.372
Iteration 150 / LogL: -203810.784 / Time: 0h:10m:46s (0h:6m:38s left)
Log-likelihood cutoff on original alignment: -203940.289
Iteration 160 / LogL: -203812.491 / Time: 0h:11m:21s (0h:5m:51s left)
Estimate model parameters (epsilon = 0.100)
BETTER TREE FOUND at iteration 170: -203800.156
Iteration 170 / LogL: -203800.156 / Time: 0h:12m:0s (0h:7m:6s left)
Iteration 180 / LogL: -203834.847 / Time: 0h:12m:32s (0h:6m:18s left)
Estimate model parameters (epsilon = 0.100)
BETTER TREE FOUND at iteration 187: -203799.340
Iteration 190 / LogL: -203816.007 / Time: 0h:13m:9s (0h:6m:45s left)
Iteration 200 / LogL: -203807.178 / Time: 0h:13m:43s (0h:6m:0s left)
Log-likelihood cutoff on original alignment: -203940.289
NOTE: Bootstrap correlation coefficient of split occurrence frequencies: 0.988
NOTE: UFBoot does not converge, continue at least 100 more iterations
Iteration 210 / LogL: -203807.165 / Time: 0h:14m:18s (0h:6m:9s left)
Estimate model parameters (epsilon = 0.100)
BETTER TREE FOUND at iteration 211: -203795.958
Estimate model parameters (epsilon = 0.100)
BETTER TREE FOUND at iteration 216: -203794.646
Estimate model parameters (epsilon = 0.100)
BETTER TREE FOUND at iteration 218: -203793.513
Iteration 220 / LogL: -203849.115 / Time: 0h:15m:2s (0h:6m:43s left)
Iteration 230 / LogL: -203810.835 / Time: 0h:15m:35s (0h:5m:59s left)
Iteration 240 / LogL: -203795.785 / Time: 0h:16m:8s (0h:5m:16s left)
Iteration 250 / LogL: -203838.174 / Time: 0h:16m:43s (0h:4m:33s left)
Log-likelihood cutoff on original alignment: -203940.289
Iteration 260 / LogL: -203816.568 / Time: 0h:17m:19s (0h:3m:52s left)
Iteration 270 / LogL: -203816.185 / Time: 0h:17m:53s (0h:3m:11s left)
Iteration 280 / LogL: -203802.373 / Time: 0h:18m:24s (0h:2m:30s left)
Estimate model parameters (epsilon = 0.100)
BETTER TREE FOUND at iteration 288: -203791.779
Iteration 290 / LogL: -203810.286 / Time: 0h:19m:1s (0h:6m:27s left)
Iteration 300 / LogL: -203810.235 / Time: 0h:19m:33s (0h:5m:45s left)
Log-likelihood cutoff on original alignment: -203940.289
NOTE: Bootstrap correlation coefficient of split occurrence frequencies: 0.988
NOTE: UFBoot does not converge, continue at least 100 more iterations
Iteration 310 / LogL: -203800.710 / Time: 0h:20m:8s (0h:5m:51s left)
Iteration 320 / LogL: -203821.840 / Time: 0h:20m:42s (0h:5m:11s left)
Iteration 330 / LogL: -203813.680 / Time: 0h:21m:16s (0h:4m:31s left)
Iteration 340 / LogL: -203793.269 / Time: 0h:21m:50s (0h:3m:51s left)
Iteration 350 / LogL: -203795.054 / Time: 0h:22m:22s (0h:3m:12s left)
Log-likelihood cutoff on original alignment: -203940.289
Iteration 360 / LogL: -203793.245 / Time: 0h:22m:57s (0h:2m:33s left)
Iteration 370 / LogL: -203793.885 / Time: 0h:23m:32s (0h:1m:54s left)
Iteration 380 / LogL: -203805.174 / Time: 0h:24m:6s (0h:1m:16s left)
Iteration 390 / LogL: -203818.629 / Time: 0h:24m:40s (0h:0m:38s left)
Iteration 400 / LogL: -203815.795 / Time: 0h:25m:13s (0h:0m:0s left)
Log-likelihood cutoff on original alignment: -203940.289
NOTE: Bootstrap correlation coefficient of split occurrence frequencies: 0.988
NOTE: UFBoot does not converge, continue at least 100 more iterations
Estimate model parameters (epsilon = 0.100)
BETTER TREE FOUND at iteration 403: -203790.791
Estimate model parameters (epsilon = 0.100)
BETTER TREE FOUND at iteration 410: -203789.427
Iteration 410 / LogL: -203789.427 / Time: 0h:25m:55s (0h:6m:20s left)
Estimate model parameters (epsilon = 0.100)
BETTER TREE FOUND at iteration 413: -203788.895
Iteration 420 / LogL: -203840.625 / Time: 0h:26m:30s (0h:5m:53s left)
Iteration 430 / LogL: -203793.314 / Time: 0h:27m:4s (0h:5m:14s left)
Iteration 440 / LogL: -203828.525 / Time: 0h:27m:37s (0h:4m:35s left)
Iteration 450 / LogL: -203792.767 / Time: 0h:28m:12s (0h:3m:57s left)
Log-likelihood cutoff on original alignment: -203922.454
Iteration 460 / LogL: -203824.997 / Time: 0h:28m:45s (0h:3m:19s left)
Estimate model parameters (epsilon = 0.100)
BETTER TREE FOUND at iteration 469: -203788.549
Iteration 470 / LogL: -203833.009 / Time: 0h:29m:23s (0h:6m:12s left)
Estimate model parameters (epsilon = 0.100)
BETTER TREE FOUND at iteration 475: -203788.076
Iteration 480 / LogL: -203814.790 / Time: 0h:29m:58s (0h:5m:56s left)
Iteration 490 / LogL: -203795.752 / Time: 0h:30m:31s (0h:5m:18s left)
Iteration 500 / LogL: -203852.144 / Time: 0h:31m:4s (0h:4m:40s left)
Log-likelihood cutoff on original alignment: -203922.454
NOTE: Bootstrap correlation coefficient of split occurrence frequencies: 0.994
Iteration 510 / LogL: -203814.942 / Time: 0h:31m:39s (0h:5m:35s left)
Iteration 520 / LogL: -203804.016 / Time: 0h:32m:13s (0h:4m:58s left)
Iteration 530 / LogL: -203806.791 / Time: 0h:32m:47s (0h:4m:20s left)
Iteration 540 / LogL: -203797.306 / Time: 0h:33m:21s (0h:3m:42s left)
Iteration 550 / LogL: -203833.177 / Time: 0h:33m:56s (0h:3m:5s left)
Log-likelihood cutoff on original alignment: -203922.454
Iteration 560 / LogL: -203810.609 / Time: 0h:34m:29s (0h:2m:28s left)
Iteration 570 / LogL: -203821.620 / Time: 0h:35m:3s (0h:1m:50s left)
TREE SEARCH COMPLETED AFTER 576 ITERATIONS / Time: 0h:35m:23s

--------------------------------------------------------------------
|                    FINALIZING TREE SEARCH                        |
--------------------------------------------------------------------
Performs final model parameters optimization
Estimate model parameters (epsilon = 0.010)
1. Initial log-likelihood: -203788.076
2. Current log-likelihood: -203788.056
3. Current log-likelihood: -203788.032
4. Current log-likelihood: -203788.019
5. Current log-likelihood: -203788.007
6. Current log-likelihood: -203787.995
7. Current log-likelihood: -203787.982
8. Current log-likelihood: -203787.972
9. Current log-likelihood: -203787.961
Optimal log-likelihood: -203787.948
Rate parameters:  A-C: 1.46881  A-G: 5.01918  A-T: 2.39041  C-G: 1.44485  C-T: 7.42536  G-T: 1.00000
Base frequencies:  A: 0.276  C: 0.216  G: 0.217  T: 0.291
Site proportion and rates:  (0.585,0.055) (0.302,1.216) (0.093,3.932) (0.020,11.900)
Parameters optimization took 9 rounds (13.482 sec)
BEST SCORE FOUND : -203787.948

Testing tree branches by SH-like aLRT with 1000 replicates...
WARNING: Branch where both NNIs violate constraint tree will show 100% SH-aLRT support
WARNING: Branch where both NNIs violate constraint tree will show 100% SH-aLRT support
WARNING: Branch where both NNIs violate constraint tree will show 100% SH-aLRT support
WARNING: Branch where both NNIs violate constraint tree will show 100% SH-aLRT support
WARNING: Branch where both NNIs violate constraint tree will show 100% SH-aLRT support
WARNING: Branch where both NNIs violate constraint tree will show 100% SH-aLRT support
15.064 sec.
Creating bootstrap support values...
Split supports printed to NEXUS file all_new_full.splits.nex
Total tree length: 6.211

Total number of iterations: 576
CPU time used for tree search: 16708.056 sec (4h:38m:28s)
Wall-clock time used for tree search: 2120.679 sec (0h:35m:20s)
Total CPU time used: 16956.673 sec (4h:42m:36s)
Total wall-clock time used: 2152.681 sec (0h:35m:52s)

Computing bootstrap consensus tree...
Reading input file all_new_full.splits.nex...
316 taxa and 1602 splits.
Consensus tree written to all_new_full.contree
Reading input trees file all_new_full.contree
Log-likelihood of consensus tree: -203787.656

Analysis results written to: 
  IQ-TREE report:                all_new_full.iqtree
  Maximum-likelihood tree:       all_new_full.treefile

Ultrafast bootstrap approximation results written to:
  Split support values:          all_new_full.splits.nex
  Consensus tree:                all_new_full.contree
  Screen log file:               all_new_full.log

Date and Time: Tue Mar  9 18:44:29 2021
